2015/04/30 15:35:49 [error] [system.db.CDbCommand] CDbCommand::fetchAll() failed: SQLSTATE[42S22]: Column not found: 1054 Unknown column 'cadete.rut' in 'where clause'. The SQL statement executed was: SELECT `cadete`.`idcadete` AS `t1_c0`, `cadete`.`nombre` AS `t1_c1`, `cadete`.`apellidoPat` AS `t1_c2`, `cadete`.`apellidoMat` AS `t1_c3`, `cadete`.`curso` AS `t1_c4` FROM `cadete` `cadete`  WHERE (`cadete`.`rut`=:ypl0).
in C:\xampp_new\htdocs\cadeteenlinea\protected\views\site\index.php (2)
in C:\xampp_new\htdocs\cadeteenlinea\protected\controllers\SiteController.php (34)
in C:\xampp_new\htdocs\cadeteenlinea\index.php (13)
2015/04/30 15:35:49 [error] [exception.CDbException] exception 'CDbException' with message 'CDbCommand failed to execute the SQL statement: SQLSTATE[42S22]: Column not found: 1054 Unknown column 'cadete.rut' in 'where clause'. The SQL statement executed was: SELECT `cadete`.`idcadete` AS `t1_c0`, `cadete`.`nombre` AS `t1_c1`, `cadete`.`apellidoPat` AS `t1_c2`, `cadete`.`apellidoMat` AS `t1_c3`, `cadete`.`curso` AS `t1_c4` FROM `cadete` `cadete`  WHERE (`cadete`.`rut`=:ypl0)' in C:\xampp_new\htdocs\yii\framework\db\CDbCommand.php:543
Stack trace:
#0 C:\xampp_new\htdocs\yii\framework\db\CDbCommand.php(396): CDbCommand->queryInternal('fetchAll', Array, Array)
#1 C:\xampp_new\htdocs\yii\framework\db\ar\CActiveFinder.php(808): CDbCommand->queryAll()
#2 C:\xampp_new\htdocs\yii\framework\db\ar\CActiveFinder.php(509): CJoinElement->runQuery(Object(CJoinQuery))
#3 C:\xampp_new\htdocs\yii\framework\db\ar\CActiveFinder.php(163): CJoinElement->lazyFind(Object(Usuario))
#4 C:\xampp_new\htdocs\yii\framework\db\ar\CActiveRecord.php(281): CActiveFinder->lazyFind(Object(Usuario))
#5 C:\xampp_new\htdocs\yii\framework\db\ar\CActiveRecord.php(143): CActiveRecord->getRelated('cadete')
#6 C:\xampp_new\htdocs\cadeteenlinea\protected\views\site\index.php(2): CActiveRecord->__get('cadete')
#7 C:\xampp_new\htdocs\yii\framework\web\CBaseController.php(126): require('C:\\xampp_new\\ht...')
#8 C:\xampp_new\htdocs\yii\framework\web\CBaseController.php(95): CBaseController->renderInternal('C:\\xampp_new\\ht...', Array, true)
#9 C:\xampp_new\htdocs\yii\framework\web\CController.php(869): CBaseController->renderFile('C:\\xampp_new\\ht...', Array, true)
#10 C:\xampp_new\htdocs\yii\framework\web\CController.php(782): CController->renderPartial('index', Array, true)
#11 C:\xampp_new\htdocs\cadeteenlinea\protected\controllers\SiteController.php(34): CController->render('index', Array)
#12 C:\xampp_new\htdocs\yii\framework\web\actions\CInlineAction.php(49): SiteController->actionIndex()
#13 C:\xampp_new\htdocs\yii\framework\web\CController.php(308): CInlineAction->runWithParams(Array)
#14 C:\xampp_new\htdocs\yii\framework\web\CController.php(286): CController->runAction(Object(CInlineAction))
#15 C:\xampp_new\htdocs\yii\framework\web\CController.php(265): CController->runActionWithFilters(Object(CInlineAction), Array)
#16 C:\xampp_new\htdocs\yii\framework\web\CWebApplication.php(282): CController->run('')
#17 C:\xampp_new\htdocs\yii\framework\web\CWebApplication.php(141): CWebApplication->runController('')
#18 C:\xampp_new\htdocs\yii\framework\base\CApplication.php(184): CWebApplication->processRequest()
#19 C:\xampp_new\htdocs\cadeteenlinea\index.php(13): CApplication->run()
#20 {main}
REQUEST_URI=/cadeteenlinea/
HTTP_REFERER=http://localhost/cadeteenlinea/site/login
---
2015/04/30 15:36:43 [error] [php] Trying to get property of non-object (C:\xampp_new\htdocs\cadeteenlinea\protected\views\site\index.php:2)
Stack trace:
#0 C:\xampp_new\htdocs\yii\framework\web\CController.php(869): SiteController->renderFile()
#1 C:\xampp_new\htdocs\yii\framework\web\CController.php(782): SiteController->renderPartial()
#2 C:\xampp_new\htdocs\cadeteenlinea\protected\controllers\SiteController.php(34): SiteController->render()
#3 C:\xampp_new\htdocs\yii\framework\web\actions\CInlineAction.php(49): SiteController->actionIndex()
#4 C:\xampp_new\htdocs\yii\framework\web\CController.php(308): CInlineAction->runWithParams()
#5 C:\xampp_new\htdocs\yii\framework\web\CController.php(286): SiteController->runAction()
#6 C:\xampp_new\htdocs\yii\framework\web\CController.php(265): SiteController->runActionWithFilters()
#7 C:\xampp_new\htdocs\yii\framework\web\CWebApplication.php(282): SiteController->run()
#8 C:\xampp_new\htdocs\yii\framework\web\CWebApplication.php(141): CWebApplication->runController()
#9 C:\xampp_new\htdocs\yii\framework\base\CApplication.php(184): CWebApplication->processRequest()
#10 C:\xampp_new\htdocs\cadeteenlinea\index.php(13): CWebApplication->run()
REQUEST_URI=/cadeteenlinea/
in C:\xampp_new\htdocs\cadeteenlinea\protected\views\site\index.php (2)
in C:\xampp_new\htdocs\cadeteenlinea\protected\controllers\SiteController.php (34)
in C:\xampp_new\htdocs\cadeteenlinea\index.php (13)
2015/04/30 15:57:00 [error] [php] Trying to get property of non-object (C:\xampp_new\htdocs\cadeteenlinea\protected\views\site\index.php:2)
Stack trace:
#0 C:\xampp_new\htdocs\yii\framework\web\CController.php(869): SiteController->renderFile()
#1 C:\xampp_new\htdocs\yii\framework\web\CController.php(782): SiteController->renderPartial()
#2 C:\xampp_new\htdocs\cadeteenlinea\protected\controllers\SiteController.php(34): SiteController->render()
#3 C:\xampp_new\htdocs\yii\framework\web\actions\CInlineAction.php(49): SiteController->actionIndex()
#4 C:\xampp_new\htdocs\yii\framework\web\CController.php(308): CInlineAction->runWithParams()
#5 C:\xampp_new\htdocs\yii\framework\web\CController.php(286): SiteController->runAction()
#6 C:\xampp_new\htdocs\yii\framework\web\CController.php(265): SiteController->runActionWithFilters()
#7 C:\xampp_new\htdocs\yii\framework\web\CWebApplication.php(282): SiteController->run()
#8 C:\xampp_new\htdocs\yii\framework\web\CWebApplication.php(141): CWebApplication->runController()
#9 C:\xampp_new\htdocs\yii\framework\base\CApplication.php(184): CWebApplication->processRequest()
#10 C:\xampp_new\htdocs\cadeteenlinea\index.php(13): CWebApplication->run()
REQUEST_URI=/cadeteenlinea/
in C:\xampp_new\htdocs\cadeteenlinea\protected\views\site\index.php (2)
in C:\xampp_new\htdocs\cadeteenlinea\protected\controllers\SiteController.php (34)
in C:\xampp_new\htdocs\cadeteenlinea\index.php (13)
2015/04/30 15:57:02 [error] [php] Trying to get property of non-object (C:\xampp_new\htdocs\cadeteenlinea\protected\views\site\index.php:2)
Stack trace:
#0 C:\xampp_new\htdocs\yii\framework\web\CController.php(869): SiteController->renderFile()
#1 C:\xampp_new\htdocs\yii\framework\web\CController.php(782): SiteController->renderPartial()
#2 C:\xampp_new\htdocs\cadeteenlinea\protected\controllers\SiteController.php(34): SiteController->render()
#3 C:\xampp_new\htdocs\yii\framework\web\actions\CInlineAction.php(49): SiteController->actionIndex()
#4 C:\xampp_new\htdocs\yii\framework\web\CController.php(308): CInlineAction->runWithParams()
#5 C:\xampp_new\htdocs\yii\framework\web\CController.php(286): SiteController->runAction()
#6 C:\xampp_new\htdocs\yii\framework\web\CController.php(265): SiteController->runActionWithFilters()
#7 C:\xampp_new\htdocs\yii\framework\web\CWebApplication.php(282): SiteController->run()
#8 C:\xampp_new\htdocs\yii\framework\web\CWebApplication.php(141): CWebApplication->runController()
#9 C:\xampp_new\htdocs\yii\framework\base\CApplication.php(184): CWebApplication->processRequest()
#10 C:\xampp_new\htdocs\cadeteenlinea\index.php(13): CWebApplication->run()
REQUEST_URI=/cadeteenlinea/site/index
in C:\xampp_new\htdocs\cadeteenlinea\protected\views\site\index.php (2)
in C:\xampp_new\htdocs\cadeteenlinea\protected\controllers\SiteController.php (34)
in C:\xampp_new\htdocs\cadeteenlinea\index.php (13)
2015/04/30 15:59:48 [error] [php] Trying to get property of non-object (C:\xampp_new\htdocs\cadeteenlinea\protected\views\site\index.php:2)
Stack trace:
#0 C:\xampp_new\htdocs\yii\framework\web\CController.php(869): SiteController->renderFile()
#1 C:\xampp_new\htdocs\yii\framework\web\CController.php(782): SiteController->renderPartial()
#2 C:\xampp_new\htdocs\cadeteenlinea\protected\controllers\SiteController.php(34): SiteController->render()
#3 C:\xampp_new\htdocs\yii\framework\web\actions\CInlineAction.php(49): SiteController->actionIndex()
#4 C:\xampp_new\htdocs\yii\framework\web\CController.php(308): CInlineAction->runWithParams()
#5 C:\xampp_new\htdocs\yii\framework\web\CController.php(286): SiteController->runAction()
#6 C:\xampp_new\htdocs\yii\framework\web\CController.php(265): SiteController->runActionWithFilters()
#7 C:\xampp_new\htdocs\yii\framework\web\CWebApplication.php(282): SiteController->run()
#8 C:\xampp_new\htdocs\yii\framework\web\CWebApplication.php(141): CWebApplication->runController()
#9 C:\xampp_new\htdocs\yii\framework\base\CApplication.php(184): CWebApplication->processRequest()
#10 C:\xampp_new\htdocs\cadeteenlinea\index.php(13): CWebApplication->run()
REQUEST_URI=/cadeteenlinea/
in C:\xampp_new\htdocs\cadeteenlinea\protected\views\site\index.php (2)
in C:\xampp_new\htdocs\cadeteenlinea\protected\controllers\SiteController.php (34)
in C:\xampp_new\htdocs\cadeteenlinea\index.php (13)
2015/04/30 15:59:56 [error] [exception.CException] exception 'CException' with message 'Property "Usuario.apoderado" is not defined.' in C:\xampp_new\htdocs\yii\framework\base\CComponent.php:130
Stack trace:
#0 C:\xampp_new\htdocs\yii\framework\db\ar\CActiveRecord.php(145): CComponent->__get('apoderado')
#1 C:\xampp_new\htdocs\cadeteenlinea\protected\views\site\index.php(2): CActiveRecord->__get('apoderado')
#2 C:\xampp_new\htdocs\yii\framework\web\CBaseController.php(126): require('C:\\xampp_new\\ht...')
#3 C:\xampp_new\htdocs\yii\framework\web\CBaseController.php(95): CBaseController->renderInternal('C:\\xampp_new\\ht...', Array, true)
#4 C:\xampp_new\htdocs\yii\framework\web\CController.php(869): CBaseController->renderFile('C:\\xampp_new\\ht...', Array, true)
#5 C:\xampp_new\htdocs\yii\framework\web\CController.php(782): CController->renderPartial('index', Array, true)
#6 C:\xampp_new\htdocs\cadeteenlinea\protected\controllers\SiteController.php(34): CController->render('index', Array)
#7 C:\xampp_new\htdocs\yii\framework\web\actions\CInlineAction.php(49): SiteController->actionIndex()
#8 C:\xampp_new\htdocs\yii\framework\web\CController.php(308): CInlineAction->runWithParams(Array)
#9 C:\xampp_new\htdocs\yii\framework\web\CController.php(286): CController->runAction(Object(CInlineAction))
#10 C:\xampp_new\htdocs\yii\framework\web\CController.php(265): CController->runActionWithFilters(Object(CInlineAction), Array)
#11 C:\xampp_new\htdocs\yii\framework\web\CWebApplication.php(282): CController->run('')
#12 C:\xampp_new\htdocs\yii\framework\web\CWebApplication.php(141): CWebApplication->runController('')
#13 C:\xampp_new\htdocs\yii\framework\base\CApplication.php(184): CWebApplication->processRequest()
#14 C:\xampp_new\htdocs\cadeteenlinea\index.php(13): CApplication->run()
#15 {main}
REQUEST_URI=/cadeteenlinea/
HTTP_REFERER=http://localhost/cadeteenlinea/site/login
---
2015/04/30 16:00:52 [error] [php] Trying to get property of non-object (C:\xampp_new\htdocs\cadeteenlinea\protected\views\site\index.php:2)
Stack trace:
#0 C:\xampp_new\htdocs\yii\framework\web\CController.php(869): SiteController->renderFile()
#1 C:\xampp_new\htdocs\yii\framework\web\CController.php(782): SiteController->renderPartial()
#2 C:\xampp_new\htdocs\cadeteenlinea\protected\controllers\SiteController.php(34): SiteController->render()
#3 C:\xampp_new\htdocs\yii\framework\web\actions\CInlineAction.php(49): SiteController->actionIndex()
#4 C:\xampp_new\htdocs\yii\framework\web\CController.php(308): CInlineAction->runWithParams()
#5 C:\xampp_new\htdocs\yii\framework\web\CController.php(286): SiteController->runAction()
#6 C:\xampp_new\htdocs\yii\framework\web\CController.php(265): SiteController->runActionWithFilters()
#7 C:\xampp_new\htdocs\yii\framework\web\CWebApplication.php(282): SiteController->run()
#8 C:\xampp_new\htdocs\yii\framework\web\CWebApplication.php(141): CWebApplication->runController()
#9 C:\xampp_new\htdocs\yii\framework\base\CApplication.php(184): CWebApplication->processRequest()
#10 C:\xampp_new\htdocs\cadeteenlinea\index.php(13): CWebApplication->run()
REQUEST_URI=/cadeteenlinea/
in C:\xampp_new\htdocs\cadeteenlinea\protected\views\site\index.php (2)
in C:\xampp_new\htdocs\cadeteenlinea\protected\controllers\SiteController.php (34)
in C:\xampp_new\htdocs\cadeteenlinea\index.php (13)
2015/04/30 16:01:20 [error] [exception.CException] exception 'CException' with message 'Property "Apoderado.nombre" is not defined.' in C:\xampp_new\htdocs\yii\framework\base\CComponent.php:130
Stack trace:
#0 C:\xampp_new\htdocs\yii\framework\db\ar\CActiveRecord.php(145): CComponent->__get('nombre')
#1 C:\xampp_new\htdocs\cadeteenlinea\protected\views\site\index.php(2): CActiveRecord->__get('nombre')
#2 C:\xampp_new\htdocs\yii\framework\web\CBaseController.php(126): require('C:\\xampp_new\\ht...')
#3 C:\xampp_new\htdocs\yii\framework\web\CBaseController.php(95): CBaseController->renderInternal('C:\\xampp_new\\ht...', Array, true)
#4 C:\xampp_new\htdocs\yii\framework\web\CController.php(869): CBaseController->renderFile('C:\\xampp_new\\ht...', Array, true)
#5 C:\xampp_new\htdocs\yii\framework\web\CController.php(782): CController->renderPartial('index', Array, true)
#6 C:\xampp_new\htdocs\cadeteenlinea\protected\controllers\SiteController.php(34): CController->render('index', Array)
#7 C:\xampp_new\htdocs\yii\framework\web\actions\CInlineAction.php(49): SiteController->actionIndex()
#8 C:\xampp_new\htdocs\yii\framework\web\CController.php(308): CInlineAction->runWithParams(Array)
#9 C:\xampp_new\htdocs\yii\framework\web\CController.php(286): CController->runAction(Object(CInlineAction))
#10 C:\xampp_new\htdocs\yii\framework\web\CController.php(265): CController->runActionWithFilters(Object(CInlineAction), Array)
#11 C:\xampp_new\htdocs\yii\framework\web\CWebApplication.php(282): CController->run('')
#12 C:\xampp_new\htdocs\yii\framework\web\CWebApplication.php(141): CWebApplication->runController('')
#13 C:\xampp_new\htdocs\yii\framework\base\CApplication.php(184): CWebApplication->processRequest()
#14 C:\xampp_new\htdocs\cadeteenlinea\index.php(13): CApplication->run()
#15 {main}
REQUEST_URI=/cadeteenlinea/
HTTP_REFERER=http://localhost/cadeteenlinea/site/login
---
2015/04/30 16:02:13 [error] [php] Trying to get property of non-object (C:\xampp_new\htdocs\cadeteenlinea\protected\views\site\index.php:2)
Stack trace:
#0 C:\xampp_new\htdocs\yii\framework\web\CController.php(869): SiteController->renderFile()
#1 C:\xampp_new\htdocs\yii\framework\web\CController.php(782): SiteController->renderPartial()
#2 C:\xampp_new\htdocs\cadeteenlinea\protected\controllers\SiteController.php(34): SiteController->render()
#3 C:\xampp_new\htdocs\yii\framework\web\actions\CInlineAction.php(49): SiteController->actionIndex()
#4 C:\xampp_new\htdocs\yii\framework\web\CController.php(308): CInlineAction->runWithParams()
#5 C:\xampp_new\htdocs\yii\framework\web\CController.php(286): SiteController->runAction()
#6 C:\xampp_new\htdocs\yii\framework\web\CController.php(265): SiteController->runActionWithFilters()
#7 C:\xampp_new\htdocs\yii\framework\web\CWebApplication.php(282): SiteController->run()
#8 C:\xampp_new\htdocs\yii\framework\web\CWebApplication.php(141): CWebApplication->runController()
#9 C:\xampp_new\htdocs\yii\framework\base\CApplication.php(184): CWebApplication->processRequest()
#10 C:\xampp_new\htdocs\cadeteenlinea\index.php(13): CWebApplication->run()
REQUEST_URI=/cadeteenlinea/
in C:\xampp_new\htdocs\cadeteenlinea\protected\views\site\index.php (2)
in C:\xampp_new\htdocs\cadeteenlinea\protected\controllers\SiteController.php (34)
in C:\xampp_new\htdocs\cadeteenlinea\index.php (13)
2015/04/30 19:23:06 [error] [exception.CException] exception 'CException' with message 'Property "Usuario.perfil_idperfil" is not defined.' in C:\xampp_new\htdocs\yii\framework\base\CComponent.php:130
Stack trace:
#0 C:\xampp_new\htdocs\yii\framework\db\ar\CActiveRecord.php(145): CComponent->__get('perfil_idperfil')
#1 C:\xampp_new\htdocs\cadeteenlinea\protected\models\Usuario.php(48): CActiveRecord->__get('perfil_idperfil')
#2 C:\xampp_new\htdocs\yii\framework\db\ar\CActiveRecord.php(2411): Usuario->relations()
#3 C:\xampp_new\htdocs\yii\framework\db\ar\CActiveRecord.php(411): CActiveRecordMetaData->__construct(Object(Usuario))
#4 C:\xampp_new\htdocs\yii\framework\db\ar\CActiveRecord.php(661): CActiveRecord->getMetaData()
#5 C:\xampp_new\htdocs\yii\framework\db\ar\CActiveRecord.php(1490): CActiveRecord->getTableSchema()
#6 C:\xampp_new\htdocs\cadeteenlinea\protected\controllers\SiteController.php(30): CActiveRecord->findByPk('17558919')
#7 C:\xampp_new\htdocs\yii\framework\web\actions\CInlineAction.php(49): SiteController->actionIndex()
#8 C:\xampp_new\htdocs\yii\framework\web\CController.php(308): CInlineAction->runWithParams(Array)
#9 C:\xampp_new\htdocs\yii\framework\web\CController.php(286): CController->runAction(Object(CInlineAction))
#10 C:\xampp_new\htdocs\yii\framework\web\CController.php(265): CController->runActionWithFilters(Object(CInlineAction), Array)
#11 C:\xampp_new\htdocs\yii\framework\web\CWebApplication.php(282): CController->run('')
#12 C:\xampp_new\htdocs\yii\framework\web\CWebApplication.php(141): CWebApplication->runController('')
#13 C:\xampp_new\htdocs\yii\framework\base\CApplication.php(184): CWebApplication->processRequest()
#14 C:\xampp_new\htdocs\cadeteenlinea\index.php(13): CApplication->run()
#15 {main}
REQUEST_URI=/cadeteenlinea/
HTTP_REFERER=http://localhost/cadeteenlinea/site/login
---
2015/04/30 20:04:06 [error] [exception.CHttpException.404] exception 'CHttpException' with message 'Unable to resolve the request "SelectCadete".' in C:\xampp_new\htdocs\yii\framework\web\CWebApplication.php:286
Stack trace:
#0 C:\xampp_new\htdocs\yii\framework\web\CWebApplication.php(141): CWebApplication->runController('SelectCadete')
#1 C:\xampp_new\htdocs\yii\framework\base\CApplication.php(184): CWebApplication->processRequest()
#2 C:\xampp_new\htdocs\cadeteenlinea\index.php(13): CApplication->run()
#3 {main}
REQUEST_URI=/cadeteenlinea/SelectCadete
---
2015/04/30 20:04:17 [error] [exception.CHttpException.404] exception 'CHttpException' with message 'Unable to resolve the request "cadete/SelectCadete".' in C:\xampp_new\htdocs\yii\framework\web\CWebApplication.php:286
Stack trace:
#0 C:\xampp_new\htdocs\yii\framework\web\CWebApplication.php(141): CWebApplication->runController('cadete/SelectCa...')
#1 C:\xampp_new\htdocs\yii\framework\base\CApplication.php(184): CWebApplication->processRequest()
#2 C:\xampp_new\htdocs\cadeteenlinea\index.php(13): CApplication->run()
#3 {main}
REQUEST_URI=/cadeteenlinea/cadete/SelectCadete
---
2015/04/30 20:05:43 [error] [exception.CException] exception 'CException' with message 'CadeteController cannot find the requested view "selectCadete".' in C:\xampp_new\htdocs\yii\framework\web\CController.php:878
Stack trace:
#0 C:\xampp_new\htdocs\yii\framework\web\CController.php(782): CController->renderPartial('selectCadete', Array, true)
#1 C:\xampp_new\htdocs\cadeteenlinea\protected\controllers\CadeteController.php(149): CController->render('selectCadete', Array)
#2 C:\xampp_new\htdocs\yii\framework\web\actions\CInlineAction.php(49): CadeteController->actionSelectCadete()
#3 C:\xampp_new\htdocs\yii\framework\web\CController.php(308): CInlineAction->runWithParams(Array)
#4 C:\xampp_new\htdocs\yii\framework\web\filters\CFilterChain.php(133): CController->runAction(Object(CInlineAction))
#5 C:\xampp_new\htdocs\yii\framework\web\filters\CFilter.php(40): CFilterChain->run()
#6 C:\xampp_new\htdocs\yii\framework\web\CController.php(1145): CFilter->filter(Object(CFilterChain))
#7 C:\xampp_new\htdocs\yii\framework\web\filters\CInlineFilter.php(58): CController->filterAccessControl(Object(CFilterChain))
#8 C:\xampp_new\htdocs\yii\framework\web\filters\CFilterChain.php(130): CInlineFilter->filter(Object(CFilterChain))
#9 C:\xampp_new\htdocs\yii\framework\web\CController.php(291): CFilterChain->run()
#10 C:\xampp_new\htdocs\yii\framework\web\CController.php(265): CController->runActionWithFilters(Object(CInlineAction), Array)
#11 C:\xampp_new\htdocs\yii\framework\web\CWebApplication.php(282): CController->run('SelectCadete')
#12 C:\xampp_new\htdocs\yii\framework\web\CWebApplication.php(141): CWebApplication->runController('cadete/SelectCa...')
#13 C:\xampp_new\htdocs\yii\framework\base\CApplication.php(184): CWebApplication->processRequest()
#14 C:\xampp_new\htdocs\cadeteenlinea\index.php(13): CApplication->run()
#15 {main}
REQUEST_URI=/cadeteenlinea/cadete/SelectCadete
---
2015/04/30 20:08:33 [error] [system.db.CDbCommand] CDbCommand::fetchAll() failed: SQLSTATE[42S02]: Base table or view not found: 1146 Table 'cadeteenlinea.cadete_apoderadoocultar' doesn't exist. The SQL statement executed was: SHOW FULL COLUMNS FROM `cadete_apoderadoOcultar`.
in C:\xampp_new\htdocs\cadeteenlinea\protected\views\cadete\selectCadete.php (5)
in C:\xampp_new\htdocs\cadeteenlinea\protected\controllers\CadeteController.php (149)
in C:\xampp_new\htdocs\cadeteenlinea\index.php (13)
2015/04/30 20:08:33 [error] [exception.CDbException] exception 'CDbException' with message 'The relation "cadetes" in active record class "Apoderado" is not specified correctly: the join table "cadete_apoderadoOcultar" given in the foreign key cannot be found in the database.' in C:\xampp_new\htdocs\yii\framework\db\ar\CActiveFinder.php:547
Stack trace:
#0 C:\xampp_new\htdocs\yii\framework\db\ar\CActiveFinder.php(502): CJoinElement->applyLazyCondition(Object(CJoinQuery), Object(Apoderado))
#1 C:\xampp_new\htdocs\yii\framework\db\ar\CActiveFinder.php(163): CJoinElement->lazyFind(Object(Apoderado))
#2 C:\xampp_new\htdocs\yii\framework\db\ar\CActiveRecord.php(281): CActiveFinder->lazyFind(Object(Apoderado))
#3 C:\xampp_new\htdocs\yii\framework\db\ar\CActiveRecord.php(143): CActiveRecord->getRelated('cadetes')
#4 C:\xampp_new\htdocs\cadeteenlinea\protected\views\cadete\selectCadete.php(5): CActiveRecord->__get('cadetes')
#5 C:\xampp_new\htdocs\yii\framework\web\CBaseController.php(126): require('C:\\xampp_new\\ht...')
#6 C:\xampp_new\htdocs\yii\framework\web\CBaseController.php(95): CBaseController->renderInternal('C:\\xampp_new\\ht...', Array, true)
#7 C:\xampp_new\htdocs\yii\framework\web\CController.php(869): CBaseController->renderFile('C:\\xampp_new\\ht...', Array, true)
#8 C:\xampp_new\htdocs\yii\framework\web\CController.php(782): CController->renderPartial('selectCadete', Array, true)
#9 C:\xampp_new\htdocs\cadeteenlinea\protected\controllers\CadeteController.php(149): CController->render('selectCadete', Array)
#10 C:\xampp_new\htdocs\yii\framework\web\actions\CInlineAction.php(49): CadeteController->actionSelectCadete()
#11 C:\xampp_new\htdocs\yii\framework\web\CController.php(308): CInlineAction->runWithParams(Array)
#12 C:\xampp_new\htdocs\yii\framework\web\filters\CFilterChain.php(133): CController->runAction(Object(CInlineAction))
#13 C:\xampp_new\htdocs\yii\framework\web\filters\CFilter.php(40): CFilterChain->run()
#14 C:\xampp_new\htdocs\yii\framework\web\CController.php(1145): CFilter->filter(Object(CFilterChain))
#15 C:\xampp_new\htdocs\yii\framework\web\filters\CInlineFilter.php(58): CController->filterAccessControl(Object(CFilterChain))
#16 C:\xampp_new\htdocs\yii\framework\web\filters\CFilterChain.php(130): CInlineFilter->filter(Object(CFilterChain))
#17 C:\xampp_new\htdocs\yii\framework\web\CController.php(291): CFilterChain->run()
#18 C:\xampp_new\htdocs\yii\framework\web\CController.php(265): CController->runActionWithFilters(Object(CInlineAction), Array)
#19 C:\xampp_new\htdocs\yii\framework\web\CWebApplication.php(282): CController->run('SelectCadete')
#20 C:\xampp_new\htdocs\yii\framework\web\CWebApplication.php(141): CWebApplication->runController('cadete/SelectCa...')
#21 C:\xampp_new\htdocs\yii\framework\base\CApplication.php(184): CWebApplication->processRequest()
#22 C:\xampp_new\htdocs\cadeteenlinea\index.php(13): CApplication->run()
#23 {main}
REQUEST_URI=/cadeteenlinea/cadete/SelectCadete
---
2015/04/30 20:17:51 [error] [php] Trying to get property of non-object (C:\xampp_new\htdocs\cadeteenlinea\protected\views\cadete\selectCadete.php:4)
Stack trace:
#0 C:\xampp_new\htdocs\yii\framework\web\CController.php(869): CadeteController->renderFile()
#1 C:\xampp_new\htdocs\yii\framework\web\CController.php(782): CadeteController->renderPartial()
#2 C:\xampp_new\htdocs\cadeteenlinea\protected\controllers\CadeteController.php(149): CadeteController->render()
#3 C:\xampp_new\htdocs\yii\framework\web\actions\CInlineAction.php(49): CadeteController->actionSelectCadete()
#4 C:\xampp_new\htdocs\yii\framework\web\CController.php(308): CInlineAction->runWithParams()
#5 C:\xampp_new\htdocs\yii\framework\web\filters\CFilterChain.php(133): CadeteController->runAction()
#6 C:\xampp_new\htdocs\yii\framework\web\filters\CFilter.php(40): CFilterChain->run()
#7 C:\xampp_new\htdocs\yii\framework\web\CController.php(1145): CAccessControlFilter->filter()
#8 C:\xampp_new\htdocs\yii\framework\web\filters\CInlineFilter.php(58): CadeteController->filterAccessControl()
#9 C:\xampp_new\htdocs\yii\framework\web\filters\CFilterChain.php(130): CInlineFilter->filter()
#10 C:\xampp_new\htdocs\yii\framework\web\CController.php(291): CFilterChain->run()
#11 C:\xampp_new\htdocs\yii\framework\web\CController.php(265): CadeteController->runActionWithFilters()
#12 C:\xampp_new\htdocs\yii\framework\web\CWebApplication.php(282): CadeteController->run()
#13 C:\xampp_new\htdocs\yii\framework\web\CWebApplication.php(141): CWebApplication->runController()
#14 C:\xampp_new\htdocs\yii\framework\base\CApplication.php(184): CWebApplication->processRequest()
#15 C:\xampp_new\htdocs\cadeteenlinea\index.php(13): CWebApplication->run()
REQUEST_URI=/cadeteenlinea/cadete/SelectCadete
in C:\xampp_new\htdocs\cadeteenlinea\protected\views\cadete\selectCadete.php (4)
in C:\xampp_new\htdocs\cadeteenlinea\protected\controllers\CadeteController.php (149)
in C:\xampp_new\htdocs\cadeteenlinea\index.php (13)
2015/04/30 20:18:24 [error] [php] Object of class CDbCriteria could not be converted to string (C:\xampp_new\htdocs\yii\framework\db\schema\CDbColumnSchema.php:146)
Stack trace:
#0 C:\xampp_new\htdocs\yii\framework\db\ar\CActiveRecord.php(1490): CMysqlCommandBuilder->createPkCriteria()
#1 C:\xampp_new\htdocs\cadeteenlinea\protected\controllers\CadeteController.php(144): Apoderado->findByPk()
#2 C:\xampp_new\htdocs\yii\framework\web\actions\CInlineAction.php(49): CadeteController->actionSelectCadete()
#3 C:\xampp_new\htdocs\yii\framework\web\CController.php(308): CInlineAction->runWithParams()
#4 C:\xampp_new\htdocs\yii\framework\web\filters\CFilterChain.php(133): CadeteController->runAction()
#5 C:\xampp_new\htdocs\yii\framework\web\filters\CFilter.php(40): CFilterChain->run()
#6 C:\xampp_new\htdocs\yii\framework\web\CController.php(1145): CAccessControlFilter->filter()
#7 C:\xampp_new\htdocs\yii\framework\web\filters\CInlineFilter.php(58): CadeteController->filterAccessControl()
#8 C:\xampp_new\htdocs\yii\framework\web\filters\CFilterChain.php(130): CInlineFilter->filter()
#9 C:\xampp_new\htdocs\yii\framework\web\CController.php(291): CFilterChain->run()
#10 C:\xampp_new\htdocs\yii\framework\web\CController.php(265): CadeteController->runActionWithFilters()
#11 C:\xampp_new\htdocs\yii\framework\web\CWebApplication.php(282): CadeteController->run()
#12 C:\xampp_new\htdocs\yii\framework\web\CWebApplication.php(141): CWebApplication->runController()
#13 C:\xampp_new\htdocs\yii\framework\base\CApplication.php(184): CWebApplication->processRequest()
#14 C:\xampp_new\htdocs\cadeteenlinea\index.php(13): CWebApplication->run()
REQUEST_URI=/cadeteenlinea/cadete/SelectCadete
in C:\xampp_new\htdocs\cadeteenlinea\protected\controllers\CadeteController.php (144)
in C:\xampp_new\htdocs\cadeteenlinea\index.php (13)
2015/04/30 20:21:42 [error] [exception.CException] exception 'CException' with message 'Property "Cadete.nombres" is not defined.' in C:\xampp_new\htdocs\yii\framework\base\CComponent.php:130
Stack trace:
#0 C:\xampp_new\htdocs\yii\framework\db\ar\CActiveRecord.php(145): CComponent->__get('nombres')
#1 C:\xampp_new\htdocs\cadeteenlinea\protected\views\cadete\selectCadete.php(5): CActiveRecord->__get('nombres')
#2 C:\xampp_new\htdocs\yii\framework\web\CBaseController.php(126): require('C:\\xampp_new\\ht...')
#3 C:\xampp_new\htdocs\yii\framework\web\CBaseController.php(95): CBaseController->renderInternal('C:\\xampp_new\\ht...', Array, true)
#4 C:\xampp_new\htdocs\yii\framework\web\CController.php(869): CBaseController->renderFile('C:\\xampp_new\\ht...', Array, true)
#5 C:\xampp_new\htdocs\yii\framework\web\CController.php(782): CController->renderPartial('selectCadete', Array, true)
#6 C:\xampp_new\htdocs\cadeteenlinea\protected\controllers\CadeteController.php(143): CController->render('selectCadete', Array)
#7 C:\xampp_new\htdocs\yii\framework\web\actions\CInlineAction.php(49): CadeteController->actionSelectCadete()
#8 C:\xampp_new\htdocs\yii\framework\web\CController.php(308): CInlineAction->runWithParams(Array)
#9 C:\xampp_new\htdocs\yii\framework\web\filters\CFilterChain.php(133): CController->runAction(Object(CInlineAction))
#10 C:\xampp_new\htdocs\yii\framework\web\filters\CFilter.php(40): CFilterChain->run()
#11 C:\xampp_new\htdocs\yii\framework\web\CController.php(1145): CFilter->filter(Object(CFilterChain))
#12 C:\xampp_new\htdocs\yii\framework\web\filters\CInlineFilter.php(58): CController->filterAccessControl(Object(CFilterChain))
#13 C:\xampp_new\htdocs\yii\framework\web\filters\CFilterChain.php(130): CInlineFilter->filter(Object(CFilterChain))
#14 C:\xampp_new\htdocs\yii\framework\web\CController.php(291): CFilterChain->run()
#15 C:\xampp_new\htdocs\yii\framework\web\CController.php(265): CController->runActionWithFilters(Object(CInlineAction), Array)
#16 C:\xampp_new\htdocs\yii\framework\web\CWebApplication.php(282): CController->run('SelectCadete')
#17 C:\xampp_new\htdocs\yii\framework\web\CWebApplication.php(141): CWebApplication->runController('cadete/SelectCa...')
#18 C:\xampp_new\htdocs\yii\framework\base\CApplication.php(184): CWebApplication->processRequest()
#19 C:\xampp_new\htdocs\cadeteenlinea\index.php(13): CApplication->run()
#20 {main}
REQUEST_URI=/cadeteenlinea/cadete/SelectCadete
---
2015/04/30 20:23:14 [error] [exception.CException] exception 'CException' with message 'Property "Cadete.nombre" is not defined.' in C:\xampp_new\htdocs\yii\framework\base\CComponent.php:130
Stack trace:
#0 C:\xampp_new\htdocs\yii\framework\db\ar\CActiveRecord.php(145): CComponent->__get('nombre')
#1 C:\xampp_new\htdocs\cadeteenlinea\protected\views\cadete\selectCadete.php(5): CActiveRecord->__get('nombre')
#2 C:\xampp_new\htdocs\yii\framework\web\CBaseController.php(126): require('C:\\xampp_new\\ht...')
#3 C:\xampp_new\htdocs\yii\framework\web\CBaseController.php(95): CBaseController->renderInternal('C:\\xampp_new\\ht...', Array, true)
#4 C:\xampp_new\htdocs\yii\framework\web\CController.php(869): CBaseController->renderFile('C:\\xampp_new\\ht...', Array, true)
#5 C:\xampp_new\htdocs\yii\framework\web\CController.php(782): CController->renderPartial('selectCadete', Array, true)
#6 C:\xampp_new\htdocs\cadeteenlinea\protected\controllers\CadeteController.php(143): CController->render('selectCadete', Array)
#7 C:\xampp_new\htdocs\yii\framework\web\actions\CInlineAction.php(49): CadeteController->actionSelectCadete()
#8 C:\xampp_new\htdocs\yii\framework\web\CController.php(308): CInlineAction->runWithParams(Array)
#9 C:\xampp_new\htdocs\yii\framework\web\filters\CFilterChain.php(133): CController->runAction(Object(CInlineAction))
#10 C:\xampp_new\htdocs\yii\framework\web\filters\CFilter.php(40): CFilterChain->run()
#11 C:\xampp_new\htdocs\yii\framework\web\CController.php(1145): CFilter->filter(Object(CFilterChain))
#12 C:\xampp_new\htdocs\yii\framework\web\filters\CInlineFilter.php(58): CController->filterAccessControl(Object(CFilterChain))
#13 C:\xampp_new\htdocs\yii\framework\web\filters\CFilterChain.php(130): CInlineFilter->filter(Object(CFilterChain))
#14 C:\xampp_new\htdocs\yii\framework\web\CController.php(291): CFilterChain->run()
#15 C:\xampp_new\htdocs\yii\framework\web\CController.php(265): CController->runActionWithFilters(Object(CInlineAction), Array)
#16 C:\xampp_new\htdocs\yii\framework\web\CWebApplication.php(282): CController->run('SelectCadete')
#17 C:\xampp_new\htdocs\yii\framework\web\CWebApplication.php(141): CWebApplication->runController('cadete/SelectCa...')
#18 C:\xampp_new\htdocs\yii\framework\base\CApplication.php(184): CWebApplication->processRequest()
#19 C:\xampp_new\htdocs\cadeteenlinea\index.php(13): CApplication->run()
#20 {main}
REQUEST_URI=/cadeteenlinea/cadete/SelectCadete
---
2015/04/30 20:40:13 [error] [php] Undefined variable: auth (C:\xampp_new\htdocs\cadeteenlinea\themes\bootstrap\views\layouts\main.php:61)
Stack trace:
#0 C:\xampp_new\htdocs\yii\framework\web\widgets\CContentDecorator.php(76): SiteController->renderFile()
#1 C:\xampp_new\htdocs\yii\framework\web\widgets\CContentDecorator.php(54): CContentDecorator->decorate()
#2 C:\xampp_new\htdocs\yii\framework\web\widgets\COutputProcessor.php(44): CContentDecorator->processOutput()
#3 C:\xampp_new\htdocs\yii\framework\web\CBaseController.php(214): CContentDecorator->run()
#4 C:\xampp_new\htdocs\yii\framework\web\CBaseController.php(308): SiteController->endWidget()
#5 C:\xampp_new\htdocs\cadeteenlinea\themes\bootstrap\views\layouts\column1.php(11): SiteController->endContent()
#6 C:\xampp_new\htdocs\yii\framework\web\CBaseController.php(126): require()
#7 C:\xampp_new\htdocs\yii\framework\web\CBaseController.php(95): SiteController->renderInternal()
#8 C:\xampp_new\htdocs\yii\framework\web\CController.php(784): SiteController->renderFile()
#9 C:\xampp_new\htdocs\cadeteenlinea\protected\controllers\SiteController.php(34): SiteController->render()
#10 C:\xampp_new\htdocs\yii\framework\web\actions\CInlineAction.php(49): SiteController->actionIndex()
#11 C:\xampp_new\htdocs\yii\framework\web\CController.php(308): CInlineAction->runWithParams()
#12 C:\xampp_new\htdocs\yii\framework\web\CController.php(286): SiteController->runAction()
#13 C:\xampp_new\htdocs\yii\framework\web\CController.php(265): SiteController->runActionWithFilters()
#14 C:\xampp_new\htdocs\yii\framework\web\CWebApplication.php(282): SiteController->run()
#15 C:\xampp_new\htdocs\yii\framework\web\CWebApplication.php(141): CWebApplication->runController()
#16 C:\xampp_new\htdocs\yii\framework\base\CApplication.php(184): CWebApplication->processRequest()
#17 C:\xampp_new\htdocs\cadeteenlinea\index.php(13): CWebApplication->run()
REQUEST_URI=/cadeteenlinea/
in C:\xampp_new\htdocs\cadeteenlinea\themes\bootstrap\views\layouts\main.php (61)
in C:\xampp_new\htdocs\cadeteenlinea\themes\bootstrap\views\layouts\column1.php (11)
in C:\xampp_new\htdocs\cadeteenlinea\protected\controllers\SiteController.php (34)
2015/04/30 20:51:33 [error] [exception.CHttpException.404] exception 'CHttpException' with message 'El sistema no ha podido encontrar la acción "cadete" solicitada.' in C:\xampp_new\htdocs\yii\framework\web\CController.php:483
Stack trace:
#0 C:\xampp_new\htdocs\yii\framework\web\CController.php(270): CController->missingAction('cadete')
#1 C:\xampp_new\htdocs\yii\framework\web\CWebApplication.php(282): CController->run('cadete')
#2 C:\xampp_new\htdocs\yii\framework\web\CWebApplication.php(141): CWebApplication->runController('site/cadete/sel...')
#3 C:\xampp_new\htdocs\yii\framework\base\CApplication.php(184): CWebApplication->processRequest()
#4 C:\xampp_new\htdocs\cadeteenlinea\index.php(13): CApplication->run()
#5 {main}
REQUEST_URI=/cadeteenlinea/site/cadete/selectCadete
HTTP_REFERER=http://localhost/cadeteenlinea/site/login
---
2015/04/30 20:54:09 [error] [exception.CHttpException.404] exception 'CHttpException' with message 'El sistema no ha podido encontrar la acción "Cadete" solicitada.' in C:\xampp_new\htdocs\yii\framework\web\CController.php:483
Stack trace:
#0 C:\xampp_new\htdocs\yii\framework\web\CController.php(270): CController->missingAction('Cadete')
#1 C:\xampp_new\htdocs\yii\framework\web\CWebApplication.php(282): CController->run('Cadete')
#2 C:\xampp_new\htdocs\yii\framework\web\CWebApplication.php(141): CWebApplication->runController('site/Cadete/Sel...')
#3 C:\xampp_new\htdocs\yii\framework\base\CApplication.php(184): CWebApplication->processRequest()
#4 C:\xampp_new\htdocs\cadeteenlinea\index.php(13): CApplication->run()
#5 {main}
REQUEST_URI=/cadeteenlinea/site/Cadete/SelectCadete
HTTP_REFERER=http://localhost/cadeteenlinea/site/login
---
2015/04/30 20:54:56 [error] [exception.CHttpException.404] exception 'CHttpException' with message 'El sistema no ha podido encontrar la acción "Cadete" solicitada.' in C:\xampp_new\htdocs\yii\framework\web\CController.php:483
Stack trace:
#0 C:\xampp_new\htdocs\yii\framework\web\CController.php(270): CController->missingAction('Cadete')
#1 C:\xampp_new\htdocs\yii\framework\web\CWebApplication.php(282): CController->run('Cadete')
#2 C:\xampp_new\htdocs\yii\framework\web\CWebApplication.php(141): CWebApplication->runController('site/Cadete/Sel...')
#3 C:\xampp_new\htdocs\yii\framework\base\CApplication.php(184): CWebApplication->processRequest()
#4 C:\xampp_new\htdocs\cadeteenlinea\index.php(13): CApplication->run()
#5 {main}
REQUEST_URI=/cadeteenlinea/site/Cadete/SelectCadete
HTTP_REFERER=http://localhost/cadeteenlinea/site/login
---
2015/04/30 20:55:12 [error] [php] include(sdYii.php): failed to open stream: No such file or directory (C:\xampp_new\htdocs\yii\framework\YiiBase.php:432)
Stack trace:
#0 C:\xampp_new\htdocs\cadeteenlinea\protected\controllers\SiteController.php(101): spl_autoload_call()
#1 C:\xampp_new\htdocs\yii\framework\web\actions\CInlineAction.php(49): SiteController->actionLogin()
#2 C:\xampp_new\htdocs\yii\framework\web\CController.php(308): CInlineAction->runWithParams()
#3 C:\xampp_new\htdocs\yii\framework\web\CController.php(286): SiteController->runAction()
#4 C:\xampp_new\htdocs\yii\framework\web\CController.php(265): SiteController->runActionWithFilters()
#5 C:\xampp_new\htdocs\yii\framework\web\CWebApplication.php(282): SiteController->run()
#6 C:\xampp_new\htdocs\yii\framework\web\CWebApplication.php(141): CWebApplication->runController()
#7 C:\xampp_new\htdocs\yii\framework\base\CApplication.php(184): CWebApplication->processRequest()
#8 C:\xampp_new\htdocs\cadeteenlinea\index.php(13): CWebApplication->run()
REQUEST_URI=/cadeteenlinea/site/login
in C:\xampp_new\htdocs\cadeteenlinea\protected\controllers\SiteController.php (101)
in C:\xampp_new\htdocs\cadeteenlinea\index.php (13)
2015/04/30 21:01:12 [error] [exception.CHttpException.404] exception 'CHttpException' with message 'No es posible resolver la solicitud "cadete/selectCadete"' in C:\xampp_new\htdocs\yii\framework\web\CWebApplication.php:286
Stack trace:
#0 C:\xampp_new\htdocs\yii\framework\web\CWebApplication.php(141): CWebApplication->runController('cadete/selectCa...')
#1 C:\xampp_new\htdocs\yii\framework\base\CApplication.php(184): CWebApplication->processRequest()
#2 C:\xampp_new\htdocs\cadeteenlinea\index.php(13): CApplication->run()
#3 {main}
REQUEST_URI=/cadeteenlinea/cadete/selectCadete
HTTP_REFERER=http://localhost/cadeteenlinea/site/login
---
2015/04/30 21:08:58 [error] [php] Undefined variable: model (C:\xampp_new\htdocs\cadeteenlinea\protected\controllers\CadeteController.php:142)
Stack trace:
#0 C:\xampp_new\htdocs\yii\framework\web\filters\CFilterChain.php(133): CadeteController->runAction()
#1 C:\xampp_new\htdocs\yii\framework\web\filters\CFilter.php(40): CFilterChain->run()
#2 C:\xampp_new\htdocs\yii\framework\web\CController.php(1145): CAccessControlFilter->filter()
#3 C:\xampp_new\htdocs\yii\framework\web\filters\CInlineFilter.php(58): CadeteController->filterAccessControl()
#4 C:\xampp_new\htdocs\yii\framework\web\filters\CFilterChain.php(130): CInlineFilter->filter()
#5 C:\xampp_new\htdocs\yii\framework\web\CController.php(291): CFilterChain->run()
#6 C:\xampp_new\htdocs\yii\framework\web\CController.php(265): CadeteController->runActionWithFilters()
#7 C:\xampp_new\htdocs\yii\framework\web\CWebApplication.php(282): CadeteController->run()
#8 C:\xampp_new\htdocs\yii\framework\web\CWebApplication.php(141): CWebApplication->runController()
#9 C:\xampp_new\htdocs\yii\framework\base\CApplication.php(184): CWebApplication->processRequest()
#10 C:\xampp_new\htdocs\cadeteenlinea\index.php(13): CWebApplication->run()
REQUEST_URI=/cadeteenlinea/cadete/selectCadete
in C:\xampp_new\htdocs\cadeteenlinea\protected\controllers\CadeteController.php (142)
in C:\xampp_new\htdocs\cadeteenlinea\index.php (13)
2015/04/30 21:09:19 [error] [php] Undefined variable: model (C:\xampp_new\htdocs\cadeteenlinea\protected\controllers\CadeteController.php:142)
Stack trace:
#0 C:\xampp_new\htdocs\yii\framework\web\filters\CFilterChain.php(133): CadeteController->runAction()
#1 C:\xampp_new\htdocs\yii\framework\web\filters\CFilter.php(40): CFilterChain->run()
#2 C:\xampp_new\htdocs\yii\framework\web\CController.php(1145): CAccessControlFilter->filter()
#3 C:\xampp_new\htdocs\yii\framework\web\filters\CInlineFilter.php(58): CadeteController->filterAccessControl()
#4 C:\xampp_new\htdocs\yii\framework\web\filters\CFilterChain.php(130): CInlineFilter->filter()
#5 C:\xampp_new\htdocs\yii\framework\web\CController.php(291): CFilterChain->run()
#6 C:\xampp_new\htdocs\yii\framework\web\CController.php(265): CadeteController->runActionWithFilters()
#7 C:\xampp_new\htdocs\yii\framework\web\CWebApplication.php(282): CadeteController->run()
#8 C:\xampp_new\htdocs\yii\framework\web\CWebApplication.php(141): CWebApplication->runController()
#9 C:\xampp_new\htdocs\yii\framework\base\CApplication.php(184): CWebApplication->processRequest()
#10 C:\xampp_new\htdocs\cadeteenlinea\index.php(13): CWebApplication->run()
REQUEST_URI=/cadeteenlinea/cadete/selectCadete
in C:\xampp_new\htdocs\cadeteenlinea\protected\controllers\CadeteController.php (142)
in C:\xampp_new\htdocs\cadeteenlinea\index.php (13)
2015/04/30 21:09:37 [error] [php] Undefined variable: model (C:\xampp_new\htdocs\cadeteenlinea\protected\views\cadete\admin.php:39)
Stack trace:
#0 C:\xampp_new\htdocs\yii\framework\web\CController.php(869): CadeteController->renderFile()
#1 C:\xampp_new\htdocs\yii\framework\web\CController.php(782): CadeteController->renderPartial()
#2 C:\xampp_new\htdocs\cadeteenlinea\protected\controllers\CadeteController.php(143): CadeteController->render()
#3 C:\xampp_new\htdocs\yii\framework\web\actions\CInlineAction.php(49): CadeteController->actionSelectCadete()
#4 C:\xampp_new\htdocs\yii\framework\web\CController.php(308): CInlineAction->runWithParams()
#5 C:\xampp_new\htdocs\yii\framework\web\filters\CFilterChain.php(133): CadeteController->runAction()
#6 C:\xampp_new\htdocs\yii\framework\web\filters\CFilter.php(40): CFilterChain->run()
#7 C:\xampp_new\htdocs\yii\framework\web\CController.php(1145): CAccessControlFilter->filter()
#8 C:\xampp_new\htdocs\yii\framework\web\filters\CInlineFilter.php(58): CadeteController->filterAccessControl()
#9 C:\xampp_new\htdocs\yii\framework\web\filters\CFilterChain.php(130): CInlineFilter->filter()
#10 C:\xampp_new\htdocs\yii\framework\web\CController.php(291): CFilterChain->run()
#11 C:\xampp_new\htdocs\yii\framework\web\CController.php(265): CadeteController->runActionWithFilters()
#12 C:\xampp_new\htdocs\yii\framework\web\CWebApplication.php(282): CadeteController->run()
#13 C:\xampp_new\htdocs\yii\framework\web\CWebApplication.php(141): CWebApplication->runController()
#14 C:\xampp_new\htdocs\yii\framework\base\CApplication.php(184): CWebApplication->processRequest()
#15 C:\xampp_new\htdocs\cadeteenlinea\index.php(13): CWebApplication->run()
REQUEST_URI=/cadeteenlinea/cadete/selectCadete
in C:\xampp_new\htdocs\cadeteenlinea\protected\views\cadete\admin.php (39)
in C:\xampp_new\htdocs\cadeteenlinea\protected\controllers\CadeteController.php (143)
in C:\xampp_new\htdocs\cadeteenlinea\index.php (13)
2015/04/30 21:09:38 [error] [php] Undefined variable: model (C:\xampp_new\htdocs\cadeteenlinea\protected\views\cadete\admin.php:39)
Stack trace:
#0 C:\xampp_new\htdocs\yii\framework\web\CController.php(869): CadeteController->renderFile()
#1 C:\xampp_new\htdocs\yii\framework\web\CController.php(782): CadeteController->renderPartial()
#2 C:\xampp_new\htdocs\cadeteenlinea\protected\controllers\CadeteController.php(143): CadeteController->render()
#3 C:\xampp_new\htdocs\yii\framework\web\actions\CInlineAction.php(49): CadeteController->actionSelectCadete()
#4 C:\xampp_new\htdocs\yii\framework\web\CController.php(308): CInlineAction->runWithParams()
#5 C:\xampp_new\htdocs\yii\framework\web\filters\CFilterChain.php(133): CadeteController->runAction()
#6 C:\xampp_new\htdocs\yii\framework\web\filters\CFilter.php(40): CFilterChain->run()
#7 C:\xampp_new\htdocs\yii\framework\web\CController.php(1145): CAccessControlFilter->filter()
#8 C:\xampp_new\htdocs\yii\framework\web\filters\CInlineFilter.php(58): CadeteController->filterAccessControl()
#9 C:\xampp_new\htdocs\yii\framework\web\filters\CFilterChain.php(130): CInlineFilter->filter()
#10 C:\xampp_new\htdocs\yii\framework\web\CController.php(291): CFilterChain->run()
#11 C:\xampp_new\htdocs\yii\framework\web\CController.php(265): CadeteController->runActionWithFilters()
#12 C:\xampp_new\htdocs\yii\framework\web\CWebApplication.php(282): CadeteController->run()
#13 C:\xampp_new\htdocs\yii\framework\web\CWebApplication.php(141): CWebApplication->runController()
#14 C:\xampp_new\htdocs\yii\framework\base\CApplication.php(184): CWebApplication->processRequest()
#15 C:\xampp_new\htdocs\cadeteenlinea\index.php(13): CWebApplication->run()
REQUEST_URI=/cadeteenlinea/cadete/selectCadete
in C:\xampp_new\htdocs\cadeteenlinea\protected\views\cadete\admin.php (39)
in C:\xampp_new\htdocs\cadeteenlinea\protected\controllers\CadeteController.php (143)
in C:\xampp_new\htdocs\cadeteenlinea\index.php (13)
2015/04/30 21:09:50 [error] [php] Undefined variable: model (C:\xampp_new\htdocs\cadeteenlinea\protected\views\cadete\admin.php:39)
Stack trace:
#0 C:\xampp_new\htdocs\yii\framework\web\CController.php(869): CadeteController->renderFile()
#1 C:\xampp_new\htdocs\yii\framework\web\CController.php(782): CadeteController->renderPartial()
#2 C:\xampp_new\htdocs\cadeteenlinea\protected\controllers\CadeteController.php(143): CadeteController->render()
#3 C:\xampp_new\htdocs\yii\framework\web\actions\CInlineAction.php(49): CadeteController->actionSelectCadete()
#4 C:\xampp_new\htdocs\yii\framework\web\CController.php(308): CInlineAction->runWithParams()
#5 C:\xampp_new\htdocs\yii\framework\web\filters\CFilterChain.php(133): CadeteController->runAction()
#6 C:\xampp_new\htdocs\yii\framework\web\filters\CFilter.php(40): CFilterChain->run()
#7 C:\xampp_new\htdocs\yii\framework\web\CController.php(1145): CAccessControlFilter->filter()
#8 C:\xampp_new\htdocs\yii\framework\web\filters\CInlineFilter.php(58): CadeteController->filterAccessControl()
#9 C:\xampp_new\htdocs\yii\framework\web\filters\CFilterChain.php(130): CInlineFilter->filter()
#10 C:\xampp_new\htdocs\yii\framework\web\CController.php(291): CFilterChain->run()
#11 C:\xampp_new\htdocs\yii\framework\web\CController.php(265): CadeteController->runActionWithFilters()
#12 C:\xampp_new\htdocs\yii\framework\web\CWebApplication.php(282): CadeteController->run()
#13 C:\xampp_new\htdocs\yii\framework\web\CWebApplication.php(141): CWebApplication->runController()
#14 C:\xampp_new\htdocs\yii\framework\base\CApplication.php(184): CWebApplication->processRequest()
#15 C:\xampp_new\htdocs\cadeteenlinea\index.php(13): CWebApplication->run()
REQUEST_URI=/cadeteenlinea/cadete/selectCadete
in C:\xampp_new\htdocs\cadeteenlinea\protected\views\cadete\admin.php (39)
in C:\xampp_new\htdocs\cadeteenlinea\protected\controllers\CadeteController.php (143)
in C:\xampp_new\htdocs\cadeteenlinea\index.php (13)
2015/04/30 21:12:28 [error] [php] Undefined variable: model (C:\xampp_new\htdocs\cadeteenlinea\protected\views\cadete\admin.php:39)
Stack trace:
#0 C:\xampp_new\htdocs\yii\framework\web\CController.php(869): CadeteController->renderFile()
#1 C:\xampp_new\htdocs\yii\framework\web\CController.php(782): CadeteController->renderPartial()
#2 C:\xampp_new\htdocs\cadeteenlinea\protected\controllers\CadeteController.php(143): CadeteController->render()
#3 C:\xampp_new\htdocs\yii\framework\web\actions\CInlineAction.php(49): CadeteController->actionSelectCadete()
#4 C:\xampp_new\htdocs\yii\framework\web\CController.php(308): CInlineAction->runWithParams()
#5 C:\xampp_new\htdocs\yii\framework\web\filters\CFilterChain.php(133): CadeteController->runAction()
#6 C:\xampp_new\htdocs\yii\framework\web\filters\CFilter.php(40): CFilterChain->run()
#7 C:\xampp_new\htdocs\yii\framework\web\CController.php(1145): CAccessControlFilter->filter()
#8 C:\xampp_new\htdocs\yii\framework\web\filters\CInlineFilter.php(58): CadeteController->filterAccessControl()
#9 C:\xampp_new\htdocs\yii\framework\web\filters\CFilterChain.php(130): CInlineFilter->filter()
#10 C:\xampp_new\htdocs\yii\framework\web\CController.php(291): CFilterChain->run()
#11 C:\xampp_new\htdocs\yii\framework\web\CController.php(265): CadeteController->runActionWithFilters()
#12 C:\xampp_new\htdocs\yii\framework\web\CWebApplication.php(282): CadeteController->run()
#13 C:\xampp_new\htdocs\yii\framework\web\CWebApplication.php(141): CWebApplication->runController()
#14 C:\xampp_new\htdocs\yii\framework\base\CApplication.php(184): CWebApplication->processRequest()
#15 C:\xampp_new\htdocs\cadeteenlinea\index.php(13): CWebApplication->run()
REQUEST_URI=/cadeteenlinea/cadete/selectCadete
in C:\xampp_new\htdocs\cadeteenlinea\protected\views\cadete\admin.php (39)
in C:\xampp_new\htdocs\cadeteenlinea\protected\controllers\CadeteController.php (143)
in C:\xampp_new\htdocs\cadeteenlinea\index.php (13)
2015/04/30 21:12:29 [error] [php] Undefined variable: model (C:\xampp_new\htdocs\cadeteenlinea\protected\views\cadete\admin.php:39)
Stack trace:
#0 C:\xampp_new\htdocs\yii\framework\web\CController.php(869): CadeteController->renderFile()
#1 C:\xampp_new\htdocs\yii\framework\web\CController.php(782): CadeteController->renderPartial()
#2 C:\xampp_new\htdocs\cadeteenlinea\protected\controllers\CadeteController.php(143): CadeteController->render()
#3 C:\xampp_new\htdocs\yii\framework\web\actions\CInlineAction.php(49): CadeteController->actionSelectCadete()
#4 C:\xampp_new\htdocs\yii\framework\web\CController.php(308): CInlineAction->runWithParams()
#5 C:\xampp_new\htdocs\yii\framework\web\filters\CFilterChain.php(133): CadeteController->runAction()
#6 C:\xampp_new\htdocs\yii\framework\web\filters\CFilter.php(40): CFilterChain->run()
#7 C:\xampp_new\htdocs\yii\framework\web\CController.php(1145): CAccessControlFilter->filter()
#8 C:\xampp_new\htdocs\yii\framework\web\filters\CInlineFilter.php(58): CadeteController->filterAccessControl()
#9 C:\xampp_new\htdocs\yii\framework\web\filters\CFilterChain.php(130): CInlineFilter->filter()
#10 C:\xampp_new\htdocs\yii\framework\web\CController.php(291): CFilterChain->run()
#11 C:\xampp_new\htdocs\yii\framework\web\CController.php(265): CadeteController->runActionWithFilters()
#12 C:\xampp_new\htdocs\yii\framework\web\CWebApplication.php(282): CadeteController->run()
#13 C:\xampp_new\htdocs\yii\framework\web\CWebApplication.php(141): CWebApplication->runController()
#14 C:\xampp_new\htdocs\yii\framework\base\CApplication.php(184): CWebApplication->processRequest()
#15 C:\xampp_new\htdocs\cadeteenlinea\index.php(13): CWebApplication->run()
REQUEST_URI=/cadeteenlinea/cadete/selectCadete
in C:\xampp_new\htdocs\cadeteenlinea\protected\views\cadete\admin.php (39)
in C:\xampp_new\htdocs\cadeteenlinea\protected\controllers\CadeteController.php (143)
in C:\xampp_new\htdocs\cadeteenlinea\index.php (13)
2015/04/30 21:16:06 [error] [exception.CHttpException.404] exception 'CHttpException' with message 'No es posible resolver la solicitud "css/bootstrap.css.map"' in C:\xampp_new\htdocs\yii\framework\web\CWebApplication.php:286
Stack trace:
#0 C:\xampp_new\htdocs\yii\framework\web\CWebApplication.php(141): CWebApplication->runController('css/bootstrap.c...')
#1 C:\xampp_new\htdocs\yii\framework\base\CApplication.php(184): CWebApplication->processRequest()
#2 C:\xampp_new\htdocs\cadeteenlinea\index.php(13): CApplication->run()
#3 {main}
REQUEST_URI=/cadeteenlinea/css/bootstrap.css.map
HTTP_REFERER=http://localhost/cadeteenlinea/cadete/selectCadete
---
